2019-01-06 00:02:58,803  [9]  INFO   --------------≤È—Ø¡ÀArticle±Ì:◊‹ ˝-7100;“≥¬Î-1;“≥≥§-10
2019-01-06 00:06:24,986  [8]  INFO   --------------≤È—Ø¡ÀArticle±Ì:◊‹ ˝-7100;“≥¬Î-1;“≥≥§-10
2019-01-06 14:26:13,731  [10]  INFO   --------------≤È—Ø¡ÀArticle±Ì:◊‹ ˝-7100;“≥¬Î-1;“≥≥§-10
2019-01-06 14:26:16,140  [9]  INFO   --------------≤È—Ø¡ÀArticle±Ì:◊‹ ˝-7100;“≥¬Î-2;“≥≥§-10
2019-01-06 14:26:17,704  [11]  INFO   --------------≤È—Ø¡ÀArticle±Ì:◊‹ ˝-7100;“≥¬Î-3;“≥≥§-10
2019-01-06 15:18:28,548  [9]  INFO   --------------≤È—Ø¡ÀArticle±Ì:◊‹ ˝-7100;“≥¬Î-1;“≥≥§-10
2019-01-06 15:24:44,938  [8]  INFO   --------------≤È—Ø¡ÀCategorys±Ì:Tc = Article; obj = System.Collections.Generic.List`1[SyZero.Domain.Model.Categorys]
2019-01-06 15:33:13,946  [10]  INFO   --------------≤È—Ø¡ÀCategorys±Ì:Tc = Article; obj = System.Collections.Generic.List`1[SyZero.Domain.Model.Categorys]
2019-01-06 15:37:07,758  [25]  INFO   --------------≤È—Ø¡ÀCategorys±Ì:Tc = Article; obj = System.Collections.Generic.List`1[SyZero.Domain.Model.Categorys]
2019-01-06 15:43:24,469  [45]  INFO   --------------≤È—Ø¡ÀArticle±Ì:◊‹ ˝-0;“≥¬Î-1;“≥≥§-10
2019-01-06 15:43:26,875  [47]  INFO   --------------≤È—Ø¡ÀCategorys±Ì:Tc = Article; obj = System.Collections.Generic.List`1[SyZero.Domain.Model.Categorys]
2019-01-06 15:43:39,433  [45]  INFO   --------------≤È—Ø¡ÀCategorys±Ì:Tc = Article; obj = System.Collections.Generic.List`1[SyZero.Domain.Model.Categorys]
2019-01-06 15:44:26,571  [47]  INFO   --------------≤È—Ø¡ÀCategorys±Ì:Tc = Article; obj = System.Collections.Generic.List`1[SyZero.Domain.Model.Categorys]
2019-01-06 16:00:10,102  [9]  INFO   --------------≤È—Ø¡ÀCategorys±Ì:Tc = Article; obj = System.Collections.Generic.List`1[SyZero.Domain.Model.Categorys]
2019-01-06 16:01:20,106  [17]  INFO   --------------≤È—Ø¡ÀCategorys±Ì:Tc = Article; obj = System.Collections.Generic.List`1[SyZero.Domain.Model.Categorys]
2019-01-06 16:05:57,195  [8]  INFO   --------------≤È—Ø¡ÀCategorys±Ì:Tc = Article; obj = System.Collections.Generic.List`1[SyZero.Domain.Model.Categorys]
2019-01-06 16:09:54,053  [11]  INFO   --------------≤È—Ø¡ÀCategorys±Ì:Tc = Article; obj = System.Collections.Generic.List`1[SyZero.Domain.Model.Categorys]
2019-01-06 16:12:38,456  [9]  INFO   --------------≤È—Ø¡ÀCategorys±Ì:Tc = Article; obj = System.Collections.Generic.List`1[SyZero.Domain.Model.Categorys]
2019-01-06 16:17:09,359  [10]  INFO   --------------≤È—Ø¡ÀCategorys±Ì:Tc = Article; obj = System.Collections.Generic.List`1[SyZero.Domain.Model.Categorys]
2019-01-06 16:27:11,203  [8]  INFO   --------------≤È—Ø¡ÀCategorys±Ì:Tc = Article; obj = System.Collections.Generic.List`1[SyZero.Domain.Model.Categorys]
2019-01-06 16:27:27,578  [8]  INFO   --------ÃÌº”¡À“ªÃıCategorys–≈œ¢:Tc = Article; obj = {"Id":0,"Name":"∑¢ ø¥Û∑Ú","Status":"∑¢≤º","UpdateTime":"2019/1/6 16:27:19","Describe":"µƒ∑Ω Ω∑¢ÀÕµΩ"}
2019-01-06 16:27:34,776  [9]  INFO   --------------≤È—Ø¡ÀCategorys±Ì:Tc = Article; obj = System.Collections.Generic.List`1[SyZero.Domain.Model.Categorys]
2019-01-06 16:30:25,533  [14]  INFO   --------------≤È—Ø¡ÀCategorys±Ì:Tc = Article; obj = System.Collections.Generic.List`1[SyZero.Domain.Model.Categorys]
2019-01-06 16:30:59,218  [9]  INFO   --------------≤È—Ø¡ÀCategorys±Ì:Tc = Article; obj = System.Collections.Generic.List`1[SyZero.Domain.Model.Categorys]
2019-01-06 16:31:09,119  [15]  INFO   --------ÃÌº”¡À“ªÃıCategorys–≈œ¢:Tc = Article; obj = {"Id":0,"Name":"»ˆ¥ÛÀ’¥Ú","Status":"∑¢≤º","UpdateTime":"2019/1/6 16:31:08","Describe":"∞¥ ±¥ÛÀ’¥Ú µ¥Ú µ"}
2019-01-06 16:31:13,779  [15]  INFO   --------------≤È—Ø¡ÀCategorys±Ì:Tc = Article; obj = System.Collections.Generic.List`1[SyZero.Domain.Model.Categorys]
2019-01-06 16:31:33,533  [9]  INFO   --------------≤È—Ø¡ÀCategorys±Ì:Tc = Article; obj = System.Collections.Generic.List`1[SyZero.Domain.Model.Categorys]
2019-01-06 16:31:37,516  [9]  INFO   --------------≤È—Ø¡ÀCategorys±Ì:Tc = Article; obj = System.Collections.Generic.List`1[SyZero.Domain.Model.Categorys]
2019-01-06 16:31:37,997  [8]  INFO   --------ÃÌº”¡À“ªÃıCategorys–≈œ¢:Tc = Article; obj = {"Id":0,"Name":"222","Status":"∑¢≤º","UpdateTime":"2019/1/6 16:31:37","Describe":"22222222222"}
2019-01-06 16:31:41,045  [19]  INFO   --------------≤È—Ø¡ÀCategorys±Ì:Tc = Article; obj = System.Collections.Generic.List`1[SyZero.Domain.Model.Categorys]
2019-01-06 16:31:42,885  [19]  INFO   --------------≤È—Ø¡ÀCategorys±Ì:Tc = Article; obj = System.Collections.Generic.List`1[SyZero.Domain.Model.Categorys]
2019-01-06 16:32:00,705  [8]  INFO   --------------≤È—Ø¡ÀCategorys±Ì:Tc = Article; obj = System.Collections.Generic.List`1[SyZero.Domain.Model.Categorys]
2019-01-06 16:34:10,307  [24]  INFO   --------------≤È—Ø¡ÀCategorys±Ì:Tc = Article; obj = System.Collections.Generic.List`1[SyZero.Domain.Model.Categorys]
2019-01-06 16:34:29,829  [29]  INFO   --------------≤È—Ø¡ÀCategorys±Ì:Tc = Article; obj = System.Collections.Generic.List`1[SyZero.Domain.Model.Categorys]
2019-01-06 16:34:49,129  [32]  INFO   --------------≤È—Ø¡ÀCategorys±Ì:Tc = Article; obj = System.Collections.Generic.List`1[SyZero.Domain.Model.Categorys]
2019-01-06 16:35:59,206  [38]  INFO   --------------≤È—Ø¡ÀCategorys±Ì:Tc = Article; obj = System.Collections.Generic.List`1[SyZero.Domain.Model.Categorys]
2019-01-06 16:36:02,328  [34]  INFO   --------------≤È—Ø¡ÀCategorys±Ì:Tc = Article; obj = System.Collections.Generic.List`1[SyZero.Domain.Model.Categorys]
2019-01-06 16:36:02,489  [38]  INFO   --------ÃÌº”¡À“ªÃıCategorys–≈œ¢:Tc = Article; obj = {"Id":0,"Name":"324","Status":"∑¢≤º","UpdateTime":"2019/1/6 16:36:02","Describe":"34234"}
2019-01-06 16:36:05,969  [34]  INFO   --------------≤È—Ø¡ÀCategorys±Ì:Tc = Article; obj = System.Collections.Generic.List`1[SyZero.Domain.Model.Categorys]
2019-01-06 16:36:10,548  [34]  INFO   --------------≤È—Ø¡ÀCategorys±Ì:Tc = Article; obj = System.Collections.Generic.List`1[SyZero.Domain.Model.Categorys]
2019-01-06 16:36:10,707  [38]  INFO   --------ÃÌº”¡À“ªÃıCategorys–≈œ¢:Tc = Article; obj = {"Id":0,"Name":"243","Status":"∑¢≤º","UpdateTime":"2019/1/6 16:36:10","Describe":"32423424"}
2019-01-06 16:36:15,118  [38]  INFO   --------------≤È—Ø¡ÀCategorys±Ì:Tc = Article; obj = System.Collections.Generic.List`1[SyZero.Domain.Model.Categorys]
2019-01-06 16:36:15,262  [34]  INFO   --------ÃÌº”¡À“ªÃıCategorys–≈œ¢:Tc = Article; obj = {"Id":0,"Name":"∂˛ÕÚ»À","Status":"∑¢≤º","UpdateTime":"2019/1/6 16:36:15","Describe":"Ê⁄»’π…∑›"}
2019-01-06 16:36:21,331  [34]  INFO   --------------≤È—Ø¡ÀCategorys±Ì:Tc = Article; obj = System.Collections.Generic.List`1[SyZero.Domain.Model.Categorys]
2019-01-06 16:36:21,496  [36]  INFO   --------ÃÌº”¡À“ªÃıCategorys–≈œ¢:Tc = Article; obj = {"Id":0,"Name":"∑®π˙±¥∂‡∑“","Status":"∑¢≤º","UpdateTime":"2019/1/6 16:36:21","Describe":"∑Á∏Ò∑¥∂‘π„∑∫µƒ"}
2019-01-06 16:36:26,079  [34]  INFO   --------------≤È—Ø¡ÀCategorys±Ì:Tc = Article; obj = System.Collections.Generic.List`1[SyZero.Domain.Model.Categorys]
2019-01-06 16:39:34,986  [8]  INFO   --------------≤È—Ø¡ÀCategorys±Ì:Tc = Article; obj = System.Collections.Generic.List`1[SyZero.Domain.Model.Categorys]
2019-01-06 16:39:39,439  [11]  INFO   --------------≤È—Ø¡ÀCategorys±Ì:Tc = Article; obj = System.Collections.Generic.List`1[SyZero.Domain.Model.Categorys]
2019-01-06 16:39:39,968  [8]  INFO   --------ÃÌº”¡À“ªÃıCategorys–≈œ¢:Tc = Article; obj = {"Id":0,"Name":"ËÛµŸ∏‘µÿ∑Ω","Status":"∑¢≤º","UpdateTime":"2019/1/6 16:39:39","Describe":"ËÛµŸ∏‘"}
2019-01-06 16:40:02,277  [10]  INFO   --------------≤È—Ø¡ÀCategorys±Ì:Tc = Article; obj = System.Collections.Generic.List`1[SyZero.Domain.Model.Categorys]
2019-01-06 16:40:06,414  [10]  INFO   --------------≤È—Ø¡ÀCategorys±Ì:Tc = Article; obj = System.Collections.Generic.List`1[SyZero.Domain.Model.Categorys]
2019-01-06 16:40:06,550  [12]  INFO   --------ÃÌº”¡À“ªÃıCategorys–≈œ¢:Tc = Article; obj = {"Id":0,"Name":"πÊ∑∂ªØπ„∑∫","Status":"∑¢≤º","UpdateTime":"2019/1/6 16:40:06","Describe":"πÊ∑∂ªØ"}
2019-01-06 16:40:14,158  [8]  INFO   --------------≤È—Ø¡ÀCategorys±Ì:Tc = Article; obj = System.Collections.Generic.List`1[SyZero.Domain.Model.Categorys]
2019-01-06 16:41:45,109  [17]  INFO   --------------≤È—Ø¡ÀCategorys±Ì:Tc = Article; obj = System.Collections.Generic.List`1[SyZero.Domain.Model.Categorys]
2019-01-06 16:41:51,269  [21]  INFO   --------------≤È—Ø¡ÀCategorys±Ì:Tc = Article; obj = System.Collections.Generic.List`1[SyZero.Domain.Model.Categorys]
2019-01-06 16:41:51,435  [8]  INFO   --------ÃÌº”¡À“ªÃıCategorys–≈œ¢:Tc = Article; obj = {"Id":0,"Name":"657æ≠∏¯","Status":"∑¢≤º","UpdateTime":"2019/1/6 16:41:51","Describe":"ª∞æÁπÊªÆæ÷"}
2019-01-06 16:41:58,475  [20]  INFO   --------------≤È—Ø¡ÀCategorys±Ì:Tc = Article; obj = System.Collections.Generic.List`1[SyZero.Domain.Model.Categorys]
2019-01-06 16:41:59,716  [16]  INFO   --------------≤È—Ø¡ÀCategorys±Ì:Tc = Article; obj = System.Collections.Generic.List`1[SyZero.Domain.Model.Categorys]
2019-01-06 17:12:08,337  [90]  INFO   --------------≤È—Ø¡ÀCategorys±Ì:Tc = Article; obj = System.Collections.Generic.List`1[SyZero.Domain.Model.Categorys]
2019-01-06 17:12:08,801  [87]  INFO   --------ÃÌº”¡À“ªÃıCategorys–≈œ¢:Tc = Article; obj = {"Id":0,"Name":"888","Status":"∑¢≤º","UpdateTime":"2019/1/6 17:12:07","Describe":"77"}
2019-01-06 17:16:02,239  [11]  INFO   --------------≤È—Ø¡ÀCategorys±Ì:Tc = Article; obj = System.Collections.Generic.List`1[SyZero.Domain.Model.Categorys]
2019-01-06 20:43:47,561  [8]  INFO   --------------≤È—Ø¡ÀCategorys±Ì:Tc = Article; obj = System.Collections.Generic.List`1[SyZero.Domain.Model.Categorys]
2019-01-06 20:44:04,861  [8]  INFO   --------------≤È—Ø¡ÀCategorys±Ì:Tc = Article; obj = System.Collections.Generic.List`1[SyZero.Domain.Model.Categorys]
2019-01-06 20:46:50,869  [10]  INFO   --------------≤È—Ø¡ÀCategorys±Ì:Tc = Article; obj = System.Collections.Generic.List`1[SyZero.Domain.Model.Categorys]
2019-01-06 20:47:05,214  [10]  INFO   --------------≤È—Ø¡ÀCategorys±Ì:Tc = Article; obj = System.Collections.Generic.List`1[SyZero.Domain.Model.Categorys]
2019-01-06 20:49:07,424  [9]  INFO   --------------≤È—Ø¡ÀCategorys±Ì:Tc = Article; obj = System.Collections.Generic.List`1[SyZero.Domain.Model.Categorys]
2019-01-06 20:49:15,921  [8]  INFO   --------------≤È—Ø¡ÀCategorys±Ì:Tc = Article; obj = System.Collections.Generic.List`1[SyZero.Domain.Model.Categorys]
2019-01-06 20:55:40,370  [9]  INFO   --------------≤È—Ø¡ÀCategorys±Ì:Tc = Article; obj = System.Collections.Generic.List`1[SyZero.Domain.Model.Categorys]
2019-01-06 20:55:51,505  [8]  INFO   --------------≤È—Ø¡ÀCategorys±Ì:Tc = Article; obj = System.Collections.Generic.List`1[SyZero.Domain.Model.Categorys]
2019-01-06 20:58:01,405  [9]  INFO   --------------≤È—Ø¡ÀCategorys±Ì:Tc = Article; obj = System.Collections.Generic.List`1[SyZero.Domain.Model.Categorys]
2019-01-06 20:58:09,502  [9]  INFO   --------------≤È—Ø¡ÀCategorys±Ì:Tc = Article; obj = System.Collections.Generic.List`1[SyZero.Domain.Model.Categorys]
2019-01-06 21:00:59,923  [9]  INFO   --------------≤È—Ø¡ÀCategorys±Ì:Tc = Article; obj = System.Collections.Generic.List`1[SyZero.Domain.Model.Categorys]
2019-01-06 21:01:05,485  [11]  INFO   --------------≤È—Ø¡ÀCategorys±Ì:Tc = Article; obj = System.Collections.Generic.List`1[SyZero.Domain.Model.Categorys]
2019-01-06 21:17:06,608  [12]  INFO   --------------≤È—Ø¡ÀCategorys±Ì:Tc = Article; obj = System.Collections.Generic.List`1[SyZero.Domain.Model.Categorys]
2019-01-06 21:17:13,484  [12]  INFO   --------------≤È—Ø¡ÀCategorys±Ì:Tc = Article; obj = System.Collections.Generic.List`1[SyZero.Domain.Model.Categorys]
2019-01-06 21:19:00,870  [9]  INFO   --------------≤È—Ø¡ÀCategorys±Ì:Tc = Article; obj = System.Collections.Generic.List`1[SyZero.Domain.Model.Categorys]
2019-01-06 21:19:05,156  [12]  INFO   ----------------{"TypeCode":null,"Name":"Œ™","Describe":"∂Ó","Status":0,"IsDisplay":0,"AddTime":"0001-01-01T00:00:00","UpDateTime":"0001-01-01T00:00:00","Parentid":0,"Id":1081902976966201344}
2019-01-06 21:19:07,941  [11]  INFO   ----------------{"TypeCode":null,"Name":"Œ™","Describe":"∂Ó","Status":0,"IsDisplay":0,"AddTime":"0001-01-01T00:00:00","UpDateTime":"0001-01-01T00:00:00","Parentid":0,"Id":1081902988668309504}
2019-01-06 21:19:10,919  [8]  INFO   --------------≤È—Ø¡ÀCategorys±Ì:Tc = Article; obj = System.Collections.Generic.List`1[SyZero.Domain.Model.Categorys]
2019-01-06 21:19:11,221  [11]  INFO   --------ÃÌº”¡À“ªÃıCategorys–≈œ¢:Tc = Article; obj = {"Id":null,"Name":"Œ™","Status":"∑¢≤º","UpdateTime":"2019/1/6 21:19:07","Describe":"∂Ó"}
2019-01-06 21:19:11,612  [12]  INFO   --------ÃÌº”¡À“ªÃıCategorys–≈œ¢:Tc = Article; obj = {"Id":null,"Name":"Œ™","Status":"∑¢≤º","UpdateTime":"2019/1/6 21:19:05","Describe":"∂Ó"}
2019-01-06 21:19:11,844  [8]  INFO   --------------≤È—Ø¡ÀCategorys±Ì:Tc = Article; obj = System.Collections.Generic.List`1[SyZero.Domain.Model.Categorys]
2019-01-06 21:23:36,165  [10]  INFO   --------------≤È—Ø¡ÀCategorys±Ì:Tc = Article; obj = System.Collections.Generic.List`1[SyZero.Domain.Model.Categorys]
2019-01-06 21:23:40,185  [12]  INFO   --------------≤È—Ø¡ÀCategorys±Ì:Tc = Article; obj = System.Collections.Generic.List`1[SyZero.Domain.Model.Categorys]
2019-01-06 21:24:14,368  [8]  INFO   --------------≤È—Ø¡ÀCategorys±Ì:Tc = Article; obj = System.Collections.Generic.List`1[SyZero.Domain.Model.Categorys]
2019-01-06 21:24:17,162  [9]  INFO   ----------------{"TypeCode":null,"Name":"z'x","Describe":"‘⁄œﬂ ","Status":0,"IsDisplay":0,"AddTime":"0001-01-01T00:00:00","UpDateTime":"2019-01-06T21:24:17","Parentid":0,"Id":1081904285593243648}
2019-01-06 21:24:17,274  [8]  INFO   --------------≤È—Ø¡ÀCategorys±Ì:Tc = Article; obj = System.Collections.Generic.List`1[SyZero.Domain.Model.Categorys]
2019-01-06 21:24:18,273  [9]  INFO   --------ÃÌº”¡À“ªÃıCategorys–≈œ¢:Tc = Article; obj = {"Id":null,"Name":"z'x","Status":"∑¢≤º","UpdateTime":"2019/1/6 21:24:17","Describe":"‘⁄œﬂ "}
2019-01-06 21:24:29,128  [11]  INFO   --------------≤È—Ø¡ÀCategorys±Ì:Tc = Article; obj = System.Collections.Generic.List`1[SyZero.Domain.Model.Categorys]
2019-01-06 21:25:02,473  [11]  INFO   --------------≤È—Ø¡ÀCategorys±Ì:Tc = Article; obj = System.Collections.Generic.List`1[SyZero.Domain.Model.Categorys]
2019-01-06 21:25:05,651  [11]  INFO   ----------------{"TypeCode":null,"Name":"œ¬","Describe":"—©µƒ","Status":0,"IsDisplay":0,"AddTime":"0001-01-01T00:00:00","UpDateTime":"2019-01-06T21:25:05","Parentid":0,"Id":1081904488983433216}
2019-01-06 21:25:05,748  [13]  INFO   --------------≤È—Ø¡ÀCategorys±Ì:Tc = Article; obj = System.Collections.Generic.List`1[SyZero.Domain.Model.Categorys]
2019-01-06 21:25:06,408  [11]  INFO   --------ÃÌº”¡À“ªÃıCategorys–≈œ¢:Tc = Article; obj = {"Id":null,"Name":"œ¬","Status":"∑¢≤º","UpdateTime":"2019/1/6 21:25:05","Describe":"—©µƒ"}
2019-01-06 21:25:35,391  [11]  INFO   --------------≤È—Ø¡ÀCategorys±Ì:Tc = Article; obj = System.Collections.Generic.List`1[SyZero.Domain.Model.Categorys]
2019-01-06 21:25:39,028  [8]  INFO   ----------------{"TypeCode":null,"Name":"∞¥À≥–Ú","Describe":"»˜≥ˆ","Status":0,"IsDisplay":0,"AddTime":"0001-01-01T00:00:00","UpDateTime":"2019-01-06T21:25:39","Parentid":0,"Id":0}
2019-01-06 21:25:39,074  [11]  INFO   --------------≤È—Ø¡ÀCategorys±Ì:Tc = Article; obj = System.Collections.Generic.List`1[SyZero.Domain.Model.Categorys]
2019-01-06 21:25:39,910  [8]  INFO   --------ÃÌº”¡À“ªÃıCategorys–≈œ¢:Tc = Article; obj = {"Id":null,"Name":"∞¥À≥–Ú","Status":"∑¢≤º","UpdateTime":"2019/1/6 21:25:39","Describe":"»˜≥ˆ"}
2019-01-06 21:30:48,060  [9]  INFO   --------------≤È—Ø¡ÀCategorys±Ì:Tc = Article; obj = System.Collections.Generic.List`1[SyZero.Domain.Model.Categorys]
2019-01-06 21:30:53,035  [11]  INFO   ----------------{"TypeCode":null,"Name":"…ﬂ¥Û","Describe":"…ﬂ¥Û","Status":1,"IsDisplay":0,"AddTime":"0001-01-01T00:00:00","UpDateTime":"2019-01-06T21:30:53","Parentid":0,"Id":0}
2019-01-06 21:30:53,083  [9]  INFO   --------------≤È—Ø¡ÀCategorys±Ì:Tc = Article; obj = System.Collections.Generic.List`1[SyZero.Domain.Model.Categorys]
2019-01-06 21:30:53,730  [11]  INFO   --------ÃÌº”¡À“ªÃıCategorys–≈œ¢:Tc = Article; obj = {"Id":null,"Name":"…ﬂ¥Û","Status":"∑¢≤º","UpdateTime":"2019/1/6 21:30:53","Describe":"…ﬂ¥Û"}
2019-01-06 21:32:27,282  [13]  INFO   --------------≤È—Ø¡ÀCategorys±Ì:Tc = Article; obj = System.Collections.Generic.List`1[SyZero.Domain.Model.Categorys]
2019-01-06 21:34:23,031  [8]  INFO   --------------≤È—Ø¡ÀCategorys±Ì:Tc = Article; obj = System.Collections.Generic.List`1[SyZero.Domain.Model.Categorys]
2019-01-06 21:34:27,088  [8]  INFO   ----------------{"TypeCode":null,"Name":"‘⁄œﬂ","Describe":"◊‘––≥µ‘⁄","Status":1,"IsDisplay":0,"AddTime":"0001-01-01T00:00:00","UpDateTime":"2019-01-06T21:34:27","Parentid":0,"Id":454153135435}
2019-01-06 21:34:27,141  [11]  INFO   --------------≤È—Ø¡ÀCategorys±Ì:Tc = Article; obj = System.Collections.Generic.List`1[SyZero.Domain.Model.Categorys]
2019-01-06 21:34:27,746  [8]  INFO   --------ÃÌº”¡À“ªÃıCategorys–≈œ¢:Tc = Article; obj = {"Id":"454153135435","Name":"‘⁄œﬂ","Status":"∑¢≤º","UpdateTime":"2019/1/6 21:34:27","Describe":"◊‘––≥µ‘⁄"}
2019-01-06 21:35:54,870  [10]  INFO   --------------≤È—Ø¡ÀArticle±Ì:◊‹ ˝-0;“≥¬Î-1;“≥≥§-10
2019-01-06 21:36:03,713  [9]  INFO   --------------≤È—Ø¡ÀCategorys±Ì:Tc = Article; obj = System.Collections.Generic.List`1[SyZero.Domain.Model.Categorys]
2019-01-06 21:52:24,161  [12]  INFO   --------------≤È—Ø¡ÀCategorys±Ì:Tc = Article; obj = System.Collections.Generic.List`1[SyZero.Domain.Model.Categorys]
2019-01-06 21:56:35,040  [25]  INFO   --------------≤È—Ø¡ÀCategorys±Ì:Tc = Article; obj = System.Collections.Generic.List`1[SyZero.Domain.Model.Categorys]
2019-01-06 21:57:17,200  [31]  INFO   --------------≤È—Ø¡ÀCategorys±Ì:Tc = Article; obj = System.Collections.Generic.List`1[SyZero.Domain.Model.Categorys]
2019-01-06 22:01:41,049  [15]  INFO   --------------≤È—Ø¡ÀCategorys±Ì:Tc = Article; obj = System.Collections.Generic.List`1[SyZero.Domain.Model.Categorys]
2019-01-06 22:02:44,876  [10]  INFO   --------------≤È—Ø¡ÀCategorys±Ì:Tc = Article; obj = System.Collections.Generic.List`1[SyZero.Domain.Model.Categorys]
2019-01-06 22:04:32,601  [36]  INFO   --------------≤È—Ø¡ÀCategorys±Ì:Tc = Article; obj = System.Collections.Generic.List`1[SyZero.Domain.Model.Categorys]
2019-01-06 22:06:21,873  [41]  INFO   --------------≤È—Ø¡ÀCategorys±Ì:Tc = Article; obj = System.Collections.Generic.List`1[SyZero.Domain.Model.Categorys]
2019-01-06 22:06:53,168  [37]  INFO   --------------≤È—Ø¡ÀCategorys±Ì:Tc = Article; obj = System.Collections.Generic.List`1[SyZero.Domain.Model.Categorys]
2019-01-06 22:08:28,352  [52]  INFO   --------------≤È—Ø¡ÀArticle±Ì:◊‹ ˝-0;“≥¬Î-1;“≥≥§-10
2019-01-06 22:08:28,853  [52]  INFO   --------------≤È—Ø¡ÀCategorys±Ì:Tc = Article; obj = System.Collections.Generic.List`1[SyZero.Domain.Model.Categorys]
2019-01-06 22:11:40,621  [49]  INFO   --------------≤È—Ø¡ÀCategorys±Ì:Tc = Article; obj = System.Collections.Generic.List`1[SyZero.Domain.Model.Categorys]
2019-01-06 22:14:44,011  [74]  INFO   --------------≤È—Ø¡ÀCategorys±Ì:Tc = Article; obj = System.Collections.Generic.List`1[SyZero.Domain.Model.Categorys]
2019-01-06 22:16:08,443  [69]  INFO   --------------≤È—Ø¡ÀCategorys±Ì:Tc = Article; obj = System.Collections.Generic.List`1[SyZero.Domain.Model.Categorys]
2019-01-06 22:17:16,004  [73]  INFO   --------------≤È—Ø¡ÀCategorys±Ì:Tc = Article; obj = System.Collections.Generic.List`1[SyZero.Domain.Model.Categorys]
2019-01-06 22:18:00,773  [88]  INFO   --------------≤È—Ø¡ÀCategorys±Ì:Tc = Article; obj = System.Collections.Generic.List`1[SyZero.Domain.Model.Categorys]
2019-01-06 22:18:15,809  [88]  INFO   --------------≤È—Ø¡ÀCategorys±Ì:Tc = Article; obj = System.Collections.Generic.List`1[SyZero.Domain.Model.Categorys]
2019-01-06 22:19:47,473  [8]  INFO   --------------≤È—Ø¡ÀCategorys±Ì:Tc = Article; obj = System.Collections.Generic.List`1[SyZero.Domain.Model.Categorys]
2019-01-06 22:20:19,954  [8]  INFO   --------------≤È—Ø¡ÀCategorys±Ì:Tc = Article; obj = System.Collections.Generic.List`1[SyZero.Domain.Model.Categorys]
2019-01-06 22:22:01,872  [28]  INFO   --------------≤È—Ø¡ÀCategorys±Ì:Tc = Article; obj = System.Collections.Generic.List`1[SyZero.Domain.Model.Categorys]
2019-01-06 22:22:38,375  [8]  INFO   --------------≤È—Ø¡ÀCategorys±Ì:Tc = Article; obj = System.Collections.Generic.List`1[SyZero.Domain.Model.Categorys]
2019-01-06 22:23:12,258  [28]  INFO   --------------≤È—Ø¡ÀCategorys±Ì:Tc = Article; obj = System.Collections.Generic.List`1[SyZero.Domain.Model.Categorys]
2019-01-06 22:24:59,212  [8]  INFO   --------------≤È—Ø¡ÀCategorys±Ì:Tc = Article; obj = System.Collections.Generic.List`1[SyZero.Domain.Model.Categorys]
2019-01-06 22:26:23,298  [12]  INFO   --------------≤È—Ø¡ÀCategorys±Ì:Tc = Article; obj = System.Collections.Generic.List`1[SyZero.Domain.Model.Categorys]
2019-01-06 22:27:09,432  [11]  INFO   ----------------{"TypeCode":null,"Name":null,"Describe":null,"Status":0,"IsDisplay":0,"AddTime":"0001-01-01T00:00:00","UpDateTime":"2019-01-06T22:27:05","Parentid":0,"Id":0}
2019-01-06 22:27:19,659  [10]  INFO   --------------Êü•ËØ¢‰∫ÜCategorysË°®:Tc = Article; obj = System.Collections.Generic.List`1[SyZero.Domain.Model.Categorys]
2019-01-06 22:27:26,896  [9]  INFO   ----------------{"TypeCode":null,"Name":"cds","Describe":"dscsd","Status":1,"IsDisplay":0,"AddTime":"0001-01-01T00:00:00","UpDateTime":"2019-01-06T22:27:26","Parentid":0,"Id":0}
2019-01-06 22:27:27,194  [9]  INFO   --------Ê∑ªÂä†‰∫Ü‰∏ÄÊù°Categorys‰ø°ÊÅØ:Tc = Article; obj = {"Id":null,"Name":"cds","Status":"ÂèëÂ∏É","UpdateTime":"2019/1/6 22:27:26","Describe":"dscsd"}
2019-01-06 22:27:38,794  [9]  INFO   --------------Êü•ËØ¢‰∫ÜCategorysË°®:Tc = Article; obj = System.Collections.Generic.List`1[SyZero.Domain.Model.Categorys]
2019-01-06 22:28:09,943  [9]  INFO   --------------Êü•ËØ¢‰∫ÜCategorysË°®:Tc = Article; obj = System.Collections.Generic.List`1[SyZero.Domain.Model.Categorys]
2019-01-06 22:28:13,812  [10]  INFO   ----------------{"TypeCode":null,"Name":"ascas","Describe":"casc","Status":1,"IsDisplay":0,"AddTime":"0001-01-01T00:00:00","UpDateTime":"2019-01-06T22:28:13","Parentid":0,"Id":0}
2019-01-06 22:28:14,199  [10]  INFO   --------Ê∑ªÂä†‰∫Ü‰∏ÄÊù°Categorys‰ø°ÊÅØ:Tc = Article; obj = {"Id":null,"Name":"ascas","Status":"ÂèëÂ∏É","UpdateTime":"2019/1/6 22:28:13","Describe":"casc"}
2019-01-06 22:28:45,397  [17]  INFO   --------------Êü•ËØ¢‰∫ÜCategorysË°®:Tc = Article; obj = System.Collections.Generic.List`1[SyZero.Domain.Model.Categorys]
2019-01-06 22:30:52,231  [11]  INFO   --------------≤È—Ø¡ÀCategorys±Ì:Tc = Article; obj = System.Collections.Generic.List`1[SyZero.Domain.Model.Categorys]
2019-01-06 22:30:56,122  [9]  INFO   ----------------{"TypeCode":null,"Name":"cds","Describe":"dcds","Status":1,"IsDisplay":0,"AddTime":"0001-01-01T00:00:00","UpDateTime":"2019-01-06T22:30:56","Parentid":0,"Id":0}
2019-01-06 22:30:56,485  [9]  INFO   --------ÃÌº”¡À“ªÃıCategorys–≈œ¢:Tc = Article; obj = {"Id":null,"Name":"cds","Status":"∑¢≤º","UpdateTime":"2019/1/6 22:30:56","Describe":"dcds"}
2019-01-06 22:30:58,586  [9]  INFO   --------------≤È—Ø¡ÀCategorys±Ì:Tc = Article; obj = System.Collections.Generic.List`1[SyZero.Domain.Model.Categorys]
2019-01-06 22:34:28,433  [9]  INFO   --------------≤È—Ø¡ÀCategorys±Ì:Tc = Article; obj = System.Collections.Generic.List`1[SyZero.Domain.Model.Categorys]
2019-01-06 22:34:32,439  [9]  INFO   ----------------{"TypeCode":null,"Name":"dscds","Describe":"csdc","Status":1,"IsDisplay":0,"AddTime":"0001-01-01T00:00:00","UpDateTime":"2019-01-06T22:34:32","Parentid":0,"Id":0}
2019-01-06 22:34:32,806  [9]  INFO   --------ÃÌº”¡À“ªÃıCategorys–≈œ¢:Tc = Article; obj = {"Id":null,"Name":"dscds","Status":"∑¢≤º","UpdateTime":"2019/1/6 22:34:32","Describe":"csdc"}
2019-01-06 22:34:34,276  [9]  INFO   --------------≤È—Ø¡ÀCategorys±Ì:Tc = Article; obj = System.Collections.Generic.List`1[SyZero.Domain.Model.Categorys]
2019-01-06 22:36:22,125  [21]  INFO   --------------≤È—Ø¡ÀCategorys±Ì:Tc = Article; obj = System.Collections.Generic.List`1[SyZero.Domain.Model.Categorys]
2019-01-06 22:36:26,868  [14]  INFO   ----------------{"TypeCode":null,"Name":"sads","Describe":"sadsad","Status":1,"IsDisplay":0,"AddTime":"0001-01-01T00:00:00","UpDateTime":"2019-01-06T22:36:26","Parentid":0,"Id":0}
2019-01-06 22:36:27,144  [14]  INFO   --------ÃÌº”¡À“ªÃıCategorys–≈œ¢:Tc = Article; obj = {"Id":null,"Name":"sads","Status":"∑¢≤º","UpdateTime":"2019/1/6 22:36:26","Describe":"sadsad"}
2019-01-06 22:36:27,268  [14]  INFO   --------------≤È—Ø¡ÀCategorys±Ì:Tc = Article; obj = System.Collections.Generic.List`1[SyZero.Domain.Model.Categorys]
2019-01-06 22:36:36,410  [13]  INFO   ----------------{"TypeCode":null,"Name":"µΩ¥¶∂º «","Describe":"dsvsdvd≥§∂»","Status":1,"IsDisplay":0,"AddTime":"0001-01-01T00:00:00","UpDateTime":"2019-01-06T22:36:36","Parentid":0,"Id":0}
2019-01-06 22:36:36,712  [13]  INFO   --------ÃÌº”¡À“ªÃıCategorys–≈œ¢:Tc = Article; obj = {"Id":null,"Name":"µΩ¥¶∂º «","Status":"∑¢≤º","UpdateTime":"2019/1/6 22:36:36","Describe":"dsvsdvd≥§∂»"}
2019-01-06 22:36:37,074  [19]  INFO   --------------≤È—Ø¡ÀCategorys±Ì:Tc = Article; obj = System.Collections.Generic.List`1[SyZero.Domain.Model.Categorys]
2019-01-06 22:46:25,752  [9]  INFO   --------------≤È—Ø¡ÀCategorys±Ì:Tc = Article; obj = System.Collections.Generic.List`1[SyZero.Domain.Model.Categorys]
2019-01-06 22:48:11,781  [17]  INFO   --------------≤È—Ø¡ÀCategorys±Ì:Tc = Article; obj = System.Collections.Generic.List`1[SyZero.Domain.Model.Categorys]
2019-01-06 22:49:28,524  [8]  INFO   --------------≤È—Ø¡ÀCategorys±Ì:Tc = Article; obj = System.Collections.Generic.List`1[SyZero.Domain.Model.Categorys]
2019-01-06 22:49:31,861  [22]  INFO   --------…æ≥˝¡À“ªÃıCategorys–≈œ¢:Tc = Article; Id = 1081922445738381314
2019-01-06 22:49:36,254  [8]  INFO   --------------≤È—Ø¡ÀCategorys±Ì:Tc = Article; obj = System.Collections.Generic.List`1[SyZero.Domain.Model.Categorys]
2019-01-06 22:49:41,101  [9]  INFO   ----------------{"TypeCode":null,"Name":"◊‘––≥µ––’˛¥Â","Describe":"–“¥Ê’ﬂ––’˛¥Â","Status":1,"IsDisplay":0,"AddTime":"0001-01-01T00:00:00","UpDateTime":"2019-01-06T22:49:41","Parentid":0,"Id":0}
2019-01-06 22:49:41,348  [9]  INFO   --------ÃÌº”¡À“ªÃıCategorys–≈œ¢:Tc = Article; obj = {"Id":null,"Name":"◊‘––≥µ––’˛¥Â","Status":"∑¢≤º","UpdateTime":"2019/1/6 22:49:41","Describe":"–“¥Ê’ﬂ––’˛¥Â"}
2019-01-06 22:49:41,455  [8]  INFO   --------------≤È—Ø¡ÀCategorys±Ì:Tc = Article; obj = System.Collections.Generic.List`1[SyZero.Domain.Model.Categorys]
2019-01-06 22:49:43,836  [8]  INFO   --------…æ≥˝¡À“ªÃıCategorys–≈œ¢:Tc = Article; Id = 1081925776997224449
2019-01-06 22:51:45,224  [33]  INFO   --------------≤È—Ø¡ÀArticle±Ì:◊‹ ˝-0;“≥¬Î-1;“≥≥§-10
2019-01-06 22:51:55,043  [33]  INFO   ----------------{"TypeCode":null,"Name":"vcbv","Describe":"v∞…v≥…±æv","Status":1,"IsDisplay":0,"AddTime":"0001-01-01T00:00:00","UpDateTime":"2019-01-06T22:51:55","Parentid":0,"Id":0}
2019-01-06 22:51:55,302  [33]  INFO   --------ÃÌº”¡À“ªÃıCategorys–≈œ¢:Tc = Article; obj = {"Id":null,"Name":"vcbv","Status":"∑¢≤º","UpdateTime":"2019/1/6 22:51:55","Describe":"v∞…v≥…±æv"}
2019-01-06 22:51:55,418  [25]  INFO   --------------≤È—Ø¡ÀCategorys±Ì:Tc = Article; obj = System.Collections.Generic.List`1[SyZero.Domain.Model.Categorys]
2019-01-06 22:52:03,647  [25]  INFO   --------…æ≥˝¡À“ªÃıCategorys–≈œ¢:Tc = Article; Id = 1081926338786496514
2019-01-06 22:52:08,142  [25]  INFO   ----------------{"TypeCode":null,"Name":"v≥…±æv¥”","Describe":"v≤ª¥Ìv∞…v¥”","Status":1,"IsDisplay":0,"AddTime":"0001-01-01T00:00:00","UpDateTime":"2019-01-06T22:52:08","Parentid":0,"Id":0}
2019-01-06 22:52:08,420  [25]  INFO   --------ÃÌº”¡À“ªÃıCategorys–≈œ¢:Tc = Article; obj = {"Id":null,"Name":"v≥…±æv¥”","Status":"∑¢≤º","UpdateTime":"2019/1/6 22:52:08","Describe":"v≤ª¥Ìv∞…v¥”"}
2019-01-06 22:52:08,527  [25]  INFO   --------------≤È—Ø¡ÀCategorys±Ì:Tc = Article; obj = System.Collections.Generic.List`1[SyZero.Domain.Model.Categorys]
2019-01-06 22:52:13,697  [29]  INFO   ----------------{"TypeCode":null,"Name":"¥Ú∑¢¥Ú∑¢","Describe":"vdfd","Status":1,"IsDisplay":0,"AddTime":"0001-01-01T00:00:00","UpDateTime":"2019-01-06T22:52:13","Parentid":0,"Id":0}
2019-01-06 22:52:14,006  [29]  INFO   --------ÃÌº”¡À“ªÃıCategorys–≈œ¢:Tc = Article; obj = {"Id":null,"Name":"¥Ú∑¢¥Ú∑¢","Status":"∑¢≤º","UpdateTime":"2019/1/6 22:52:13","Describe":"vdfd"}
2019-01-06 22:52:14,097  [29]  INFO   --------------≤È—Ø¡ÀCategorys±Ì:Tc = Article; obj = System.Collections.Generic.List`1[SyZero.Domain.Model.Categorys]
2019-01-06 22:57:40,351  [50]  INFO   --------------≤È—Ø¡ÀCategorys±Ì:Tc = Article; obj = System.Collections.Generic.List`1[SyZero.Domain.Model.Categorys]
2019-01-06 22:57:53,037  [52]  INFO   --------------≤È—Ø¡ÀCategorys±Ì:Tc = Article; obj = System.Collections.Generic.List`1[SyZero.Domain.Model.Categorys]
2019-01-06 22:58:42,803  [55]  INFO   --------------≤È—Ø¡ÀCategorys±Ì:Tc = Article; obj = System.Collections.Generic.List`1[SyZero.Domain.Model.Categorys]
2019-01-06 22:59:55,972  [64]  INFO   --------------≤È—Ø¡ÀCategorys±Ì:Tc = Article; obj = System.Collections.Generic.List`1[SyZero.Domain.Model.Categorys]
2019-01-06 23:06:38,602  [88]  INFO   --------------≤È—Ø¡ÀCategorys±Ì:Tc = Article; obj = System.Collections.Generic.List`1[SyZero.Domain.Model.Categorys]
2019-01-06 23:09:31,330  [98]  INFO   --------------≤È—Ø¡ÀCategorys±Ì:Tc = Article; obj = System.Collections.Generic.List`1[SyZero.Domain.Model.Categorys]
2019-01-06 23:09:44,976  [90]  INFO   --------------≤È—Ø¡ÀCategorys±Ì:Tc = Article; obj = System.Collections.Generic.List`1[SyZero.Domain.Model.Categorys]
2019-01-06 23:10:51,744  [104]  INFO   --------------≤È—Ø¡ÀCategorys±Ì:Tc = Article; obj = System.Collections.Generic.List`1[SyZero.Domain.Model.Categorys]
2019-01-06 23:10:55,089  [96]  INFO   ----------------{"TypeCode":null,"Name":"dsvsdvds","Describe":"dvsdvds","Status":1,"IsDisplay":0,"AddTime":"0001-01-01T00:00:00","UpDateTime":"2019-01-06T23:10:55","Parentid":0,"Id":0}
2019-01-06 23:10:55,348  [96]  INFO   --------ÃÌº”¡À“ªÃıCategorys–≈œ¢:Tc = Article; obj = {"Id":null,"Name":"dsvsdvds","Status":"∑¢≤º","UpdateTime":"2019/1/6 23:10:55","Describe":"dvsdvds"}
2019-01-06 23:10:55,578  [96]  INFO   --------------≤È—Ø¡ÀCategorys±Ì:Tc = Article; obj = System.Collections.Generic.List`1[SyZero.Domain.Model.Categorys]
2019-01-06 23:15:10,689  [121]  INFO   --------------≤È—Ø¡ÀCategorys±Ì:Tc = Article; obj = System.Collections.Generic.List`1[SyZero.Domain.Model.Categorys]
2019-01-06 23:16:23,586  [129]  INFO   --------------≤È—Ø¡ÀCategorys±Ì:Tc = Article; obj = System.Collections.Generic.List`1[SyZero.Domain.Model.Categorys]
2019-01-06 23:17:47,462  [128]  INFO   --------------≤È—Ø¡ÀCategorys±Ì:Tc = Article; obj = System.Collections.Generic.List`1[SyZero.Domain.Model.Categorys]
2019-01-06 23:25:24,525  [8]  INFO   --------------≤È—Ø¡ÀCategorys±Ì:Tc = Article; obj = System.Collections.Generic.List`1[SyZero.Domain.Model.Categorys]
2019-01-06 23:25:28,230  [8]  INFO   ----------------{"TypeCode":null,"Name":"µΩ¥¶∂º «","Describe":"dsvsdvd≥§∂»csdcds","Status":1,"IsDisplay":0,"AddTime":"0001-01-01T00:00:00","UpDateTime":"2019-01-06T23:25:28","Parentid":0,"Id":1081922485760430082}
2019-01-06 23:25:28,653  [8]  INFO   --------∏¸–¬¡À“ªÃıCategorys–≈œ¢:Tc = Article; obj = {"Id":"1081922485760430082","Name":"µΩ¥¶∂º «","Status":"∑¢≤º","UpdateTime":"2019/1/6 23:25:28","Describe":"dsvsdvd≥§∂»csdcds"}
2019-01-06 23:25:28,760  [8]  INFO   --------------≤È—Ø¡ÀCategorys±Ì:Tc = Article; obj = System.Collections.Generic.List`1[SyZero.Domain.Model.Categorys]
2019-01-06 23:25:32,579  [8]  INFO   ----------------{"TypeCode":null,"Name":"v≥…±æv¥”","Describe":"v≤ª¥Ìv∞…v¥”csd","Status":1,"IsDisplay":0,"AddTime":"0001-01-01T00:00:00","UpDateTime":"2019-01-06T23:25:32","Parentid":0,"Id":1081926393727684610}
2019-01-06 23:25:32,854  [8]  INFO   --------∏¸–¬¡À“ªÃıCategorys–≈œ¢:Tc = Article; obj = {"Id":"1081926393727684610","Name":"v≥…±æv¥”","Status":"∑¢≤º","UpdateTime":"2019/1/6 23:25:32","Describe":"v≤ª¥Ìv∞…v¥”csd"}
2019-01-06 23:25:32,935  [8]  INFO   --------------≤È—Ø¡ÀCategorys±Ì:Tc = Article; obj = System.Collections.Generic.List`1[SyZero.Domain.Model.Categorys]
2019-01-06 23:25:46,316  [8]  INFO   ----------------{"TypeCode":null,"Name":"dsvsdvds","Describe":"dvsdvdsscdsc","Status":1,"IsDisplay":0,"AddTime":"0001-01-01T00:00:00","UpDateTime":"2019-01-06T23:25:46","Parentid":0,"Id":1081931120485994498}
2019-01-06 23:25:46,675  [8]  INFO   --------∏¸–¬¡À“ªÃıCategorys–≈œ¢:Tc = Article; obj = {"Id":"1081931120485994498","Name":"dsvsdvds","Status":"∑¢≤º","UpdateTime":"2019/1/6 23:25:46","Describe":"dvsdvdsscdsc"}
2019-01-06 23:25:46,760  [11]  INFO   --------------≤È—Ø¡ÀCategorys±Ì:Tc = Article; obj = System.Collections.Generic.List`1[SyZero.Domain.Model.Categorys]
2019-01-06 23:25:49,708  [9]  INFO   --------------≤È—Ø¡ÀCategorys±Ì:Tc = Article; obj = System.Collections.Generic.List`1[SyZero.Domain.Model.Categorys]
2019-01-06 23:25:50,888  [11]  INFO   --------------≤È—Ø¡ÀCategorys±Ì:Tc = Article; obj = System.Collections.Generic.List`1[SyZero.Domain.Model.Categorys]
2019-01-06 23:29:08,280  [9]  INFO   --------------≤È—Ø¡ÀCategorys±Ì:Tc = Article; obj = System.Collections.Generic.List`1[SyZero.Domain.Model.Categorys]
2019-01-06 23:29:12,688  [8]  INFO   ----------------{"TypeCode":null,"Name":"¥Ú∑¢¥Ú∑¢czx","Describe":"vdfd","Status":1,"IsDisplay":0,"AddTime":"0001-01-01T00:00:00","UpDateTime":"2019-01-06T23:29:12","Parentid":0,"Id":1081926417027043330}
2019-01-06 23:29:13,084  [8]  INFO   --------∏¸–¬¡À“ªÃıCategorys–≈œ¢:Tc = Article; obj = {"Id":"1081926417027043330","Name":"¥Ú∑¢¥Ú∑¢czx","Status":"∑¢≤º","UpdateTime":"2019/1/6 23:29:12","Describe":"vdfd"}
2019-01-06 23:29:13,178  [10]  INFO   --------------≤È—Ø¡ÀCategorys±Ì:Tc = Article; obj = System.Collections.Generic.List`1[SyZero.Domain.Model.Categorys]
2019-01-06 23:29:22,356  [11]  INFO   ----------------{"TypeCode":null,"Name":"czxczx","Describe":"czxczxcxzcxzcxzczx","Status":1,"IsDisplay":0,"AddTime":"0001-01-01T00:00:00","UpDateTime":"2019-01-06T23:29:22","Parentid":0,"Id":0}
2019-01-06 23:29:22,826  [11]  INFO   --------ÃÌº”¡À“ªÃıCategorys–≈œ¢:Tc = Article; obj = {"Id":null,"Name":"czxczx","Status":"∑¢≤º","UpdateTime":"2019/1/6 23:29:22","Describe":"czxczxcxzcxzcxzczx"}
2019-01-06 23:29:22,916  [11]  INFO   --------------≤È—Ø¡ÀCategorys±Ì:Tc = Article; obj = System.Collections.Generic.List`1[SyZero.Domain.Model.Categorys]
2019-01-06 23:29:30,501  [12]  INFO   ----------------{"TypeCode":null,"Name":"czxczxqwqw","Describe":"czxczxcxzcxzcxzczx","Status":1,"IsDisplay":0,"AddTime":"0001-01-01T00:00:00","UpDateTime":"2019-01-06T23:29:30","Parentid":0,"Id":1081935764700401666}
2019-01-06 23:29:30,823  [12]  INFO   --------∏¸–¬¡À“ªÃıCategorys–≈œ¢:Tc = Article; obj = {"Id":"1081935764700401666","Name":"czxczxqwqw","Status":"∑¢≤º","UpdateTime":"2019/1/6 23:29:30","Describe":"czxczxcxzcxzcxzczx"}
2019-01-06 23:29:30,911  [9]  INFO   --------------≤È—Ø¡ÀCategorys±Ì:Tc = Article; obj = System.Collections.Generic.List`1[SyZero.Domain.Model.Categorys]
